<?xml version="1.0" encoding="UTF-8"?>
<testng-results skipped="0" failed="0" total="8" passed="8">
  <reporter-output>
  </reporter-output>
  <suite name="WelcomePageTestSuite" duration-ms="2126" started-at="2014-05-09T15:29:43Z" finished-at="2014-05-09T15:29:45Z">
    <groups>
    </groups>
    <test name="VerifyWelcomePageOnGooglechrome" duration-ms="2063" started-at="2014-05-09T15:29:43Z" finished-at="2014-05-09T15:29:45Z">
      <class name="com.photon.phresco.testcases.WelcomePageTestCase">
        <test-method status="PASS" signature="setUp(java.lang.String, java.lang.String)[pri:0, instance:com.photon.phresco.testcases.WelcomePageTestCase@169ca65]" name="setUp" is-config="true" duration-ms="2047" started-at="2014-05-09T15:29:43Z" finished-at="2014-05-09T15:29:45Z">
          <params>
            <param index="0">
              <value>
                <![CDATA[googlechrome]]>
              </value>
            </param>
            <param index="1">
              <value>
                <![CDATA[WINDOWS]]>
              </value>
            </param>
          </params>
        </test-method> <!-- setUp -->
        <test-method status="PASS" signature="ToVerifyTextPresent()[pri:0, instance:com.photon.phresco.testcases.WelcomePageTestCase@169ca65]" name="ToVerifyTextPresent" duration-ms="16" started-at="2014-05-09T15:29:45Z" finished-at="2014-05-09T15:29:45Z">
        </test-method> <!-- ToVerifyTextPresent -->
        <test-method status="PASS" signature="testFailureScenario()[pri:0, instance:com.photon.phresco.testcases.WelcomePageTestCase@169ca65]" name="testFailureScenario" duration-ms="0" started-at="2014-05-09T15:29:45Z" finished-at="2014-05-09T15:29:45Z">
        </test-method> <!-- testFailureScenario -->
        <test-method status="FAIL" signature="tearDown()[pri:0, instance:com.photon.phresco.testcases.WelcomePageTestCase@169ca65]" name="tearDown" is-config="true" duration-ms="0" started-at="2014-05-09T15:29:45Z" finished-at="2014-05-09T15:29:45Z">
          <exception class="java.lang.NullPointerException">
            <full-stacktrace>
              <![CDATA[java.lang.NullPointerException
	at com.photon.phresco.testcases.WelcomePageTestCase.tearDown(WelcomePageTestCase.java:109)
	at sun.reflect.NativeMethodAccessorImpl.invoke0(Native Method)
	at sun.reflect.NativeMethodAccessorImpl.invoke(NativeMethodAccessorImpl.java:39)
	at sun.reflect.DelegatingMethodAccessorImpl.invoke(DelegatingMethodAccessorImpl.java:25)
	at java.lang.reflect.Method.invoke(Method.java:597)
	at org.testng.internal.MethodInvocationHelper.invokeMethod(MethodInvocationHelper.java:80)
	at org.testng.internal.Invoker.invokeConfigurationMethod(Invoker.java:551)
	at org.testng.internal.Invoker.invokeConfigurations(Invoker.java:213)
	at org.testng.internal.Invoker.invokeConfigurations(Invoker.java:138)
	at org.testng.TestRunner.afterRun(TestRunner.java:1022)
	at org.testng.TestRunner.run(TestRunner.java:621)
	at org.testng.SuiteRunner.runTest(SuiteRunner.java:334)
	at org.testng.SuiteRunner.access$000(SuiteRunner.java:37)
	at org.testng.SuiteRunner$SuiteWorker.run(SuiteRunner.java:368)
	at org.testng.internal.thread.ThreadUtil$2.call(ThreadUtil.java:64)
	at java.util.concurrent.FutureTask$Sync.innerRun(FutureTask.java:303)
	at java.util.concurrent.FutureTask.run(FutureTask.java:138)
	at java.util.concurrent.ThreadPoolExecutor$Worker.runTask(ThreadPoolExecutor.java:886)
	at java.util.concurrent.ThreadPoolExecutor$Worker.run(ThreadPoolExecutor.java:908)
	at java.lang.Thread.run(Thread.java:619)
]]>
            </full-stacktrace>
          </exception> <!-- java.lang.NullPointerException -->
        </test-method> <!-- tearDown -->
      </class> <!-- com.photon.phresco.testcases.WelcomePageTestCase -->
    </test> <!-- VerifyWelcomePageOnGooglechrome -->
    <test name="VerifyWelcomePageOnHtmlUnit" duration-ms="2126" started-at="2014-05-09T15:29:43Z" finished-at="2014-05-09T15:29:45Z">
      <class name="com.photon.phresco.testcases.WelcomePageTestCase">
        <test-method status="PASS" signature="setUp(java.lang.String, java.lang.String)[pri:0, instance:com.photon.phresco.testcases.WelcomePageTestCase@147ee05]" name="setUp" is-config="true" duration-ms="1985" started-at="2014-05-09T15:29:43Z" finished-at="2014-05-09T15:29:45Z">
          <params>
            <param index="0">
              <value>
                <![CDATA[htmlunit]]>
              </value>
            </param>
            <param index="1">
              <value>
                <![CDATA[WINDOWS]]>
              </value>
            </param>
          </params>
        </test-method> <!-- setUp -->
        <test-method status="PASS" signature="ToVerifyTextPresent()[pri:0, instance:com.photon.phresco.testcases.WelcomePageTestCase@147ee05]" name="ToVerifyTextPresent" duration-ms="94" started-at="2014-05-09T15:29:45Z" finished-at="2014-05-09T15:29:45Z">
        </test-method> <!-- ToVerifyTextPresent -->
        <test-method status="FAIL" signature="tearDown()[pri:0, instance:com.photon.phresco.testcases.WelcomePageTestCase@147ee05]" name="tearDown" is-config="true" duration-ms="0" started-at="2014-05-09T15:29:45Z" finished-at="2014-05-09T15:29:45Z">
          <exception class="java.lang.NullPointerException">
            <full-stacktrace>
              <![CDATA[java.lang.NullPointerException
	at com.photon.phresco.testcases.WelcomePageTestCase.tearDown(WelcomePageTestCase.java:109)
	at sun.reflect.NativeMethodAccessorImpl.invoke0(Native Method)
	at sun.reflect.NativeMethodAccessorImpl.invoke(NativeMethodAccessorImpl.java:39)
	at sun.reflect.DelegatingMethodAccessorImpl.invoke(DelegatingMethodAccessorImpl.java:25)
	at java.lang.reflect.Method.invoke(Method.java:597)
	at org.testng.internal.MethodInvocationHelper.invokeMethod(MethodInvocationHelper.java:80)
	at org.testng.internal.Invoker.invokeConfigurationMethod(Invoker.java:551)
	at org.testng.internal.Invoker.invokeConfigurations(Invoker.java:213)
	at org.testng.internal.Invoker.invokeConfigurations(Invoker.java:138)
	at org.testng.TestRunner.afterRun(TestRunner.java:1022)
	at org.testng.TestRunner.run(TestRunner.java:621)
	at org.testng.SuiteRunner.runTest(SuiteRunner.java:334)
	at org.testng.SuiteRunner.access$000(SuiteRunner.java:37)
	at org.testng.SuiteRunner$SuiteWorker.run(SuiteRunner.java:368)
	at org.testng.internal.thread.ThreadUtil$2.call(ThreadUtil.java:64)
	at java.util.concurrent.FutureTask$Sync.innerRun(FutureTask.java:303)
	at java.util.concurrent.FutureTask.run(FutureTask.java:138)
	at java.util.concurrent.ThreadPoolExecutor$Worker.runTask(ThreadPoolExecutor.java:886)
	at java.util.concurrent.ThreadPoolExecutor$Worker.run(ThreadPoolExecutor.java:908)
	at java.lang.Thread.run(Thread.java:619)
]]>
            </full-stacktrace>
          </exception> <!-- java.lang.NullPointerException -->
        </test-method> <!-- tearDown -->
        <test-method status="PASS" signature="testFailureScenario()[pri:0, instance:com.photon.phresco.testcases.WelcomePageTestCase@147ee05]" name="testFailureScenario" duration-ms="0" started-at="2014-05-09T15:29:45Z" finished-at="2014-05-09T15:29:45Z">
        </test-method> <!-- testFailureScenario -->
      </class> <!-- com.photon.phresco.testcases.WelcomePageTestCase -->
    </test> <!-- VerifyWelcomePageOnHtmlUnit -->
    <test name="VerifyWelcomePageOnFirefox" duration-ms="2110" started-at="2014-05-09T15:29:43Z" finished-at="2014-05-09T15:29:45Z">
      <class name="com.photon.phresco.testcases.WelcomePageTestCase">
        <test-method status="PASS" signature="setUp(java.lang.String, java.lang.String)[pri:0, instance:com.photon.phresco.testcases.WelcomePageTestCase@76cbf7]" name="setUp" is-config="true" duration-ms="2016" started-at="2014-05-09T15:29:43Z" finished-at="2014-05-09T15:29:45Z">
          <params>
            <param index="0">
              <value>
                <![CDATA[firefox]]>
              </value>
            </param>
            <param index="1">
              <value>
                <![CDATA[WINDOWS]]>
              </value>
            </param>
          </params>
        </test-method> <!-- setUp -->
        <test-method status="PASS" signature="ToVerifyTextPresent()[pri:0, instance:com.photon.phresco.testcases.WelcomePageTestCase@76cbf7]" name="ToVerifyTextPresent" duration-ms="78" started-at="2014-05-09T15:29:45Z" finished-at="2014-05-09T15:29:45Z">
        </test-method> <!-- ToVerifyTextPresent -->
        <test-method status="PASS" signature="testFailureScenario()[pri:0, instance:com.photon.phresco.testcases.WelcomePageTestCase@76cbf7]" name="testFailureScenario" duration-ms="0" started-at="2014-05-09T15:29:45Z" finished-at="2014-05-09T15:29:45Z">
        </test-method> <!-- testFailureScenario -->
        <test-method status="FAIL" signature="tearDown()[pri:0, instance:com.photon.phresco.testcases.WelcomePageTestCase@76cbf7]" name="tearDown" is-config="true" duration-ms="0" started-at="2014-05-09T15:29:45Z" finished-at="2014-05-09T15:29:45Z">
          <exception class="java.lang.NullPointerException">
            <full-stacktrace>
              <![CDATA[java.lang.NullPointerException
	at com.photon.phresco.testcases.WelcomePageTestCase.tearDown(WelcomePageTestCase.java:109)
	at sun.reflect.NativeMethodAccessorImpl.invoke0(Native Method)
	at sun.reflect.NativeMethodAccessorImpl.invoke(NativeMethodAccessorImpl.java:39)
	at sun.reflect.DelegatingMethodAccessorImpl.invoke(DelegatingMethodAccessorImpl.java:25)
	at java.lang.reflect.Method.invoke(Method.java:597)
	at org.testng.internal.MethodInvocationHelper.invokeMethod(MethodInvocationHelper.java:80)
	at org.testng.internal.Invoker.invokeConfigurationMethod(Invoker.java:551)
	at org.testng.internal.Invoker.invokeConfigurations(Invoker.java:213)
	at org.testng.internal.Invoker.invokeConfigurations(Invoker.java:138)
	at org.testng.TestRunner.afterRun(TestRunner.java:1022)
	at org.testng.TestRunner.run(TestRunner.java:621)
	at org.testng.SuiteRunner.runTest(SuiteRunner.java:334)
	at org.testng.SuiteRunner.access$000(SuiteRunner.java:37)
	at org.testng.SuiteRunner$SuiteWorker.run(SuiteRunner.java:368)
	at org.testng.internal.thread.ThreadUtil$2.call(ThreadUtil.java:64)
	at java.util.concurrent.FutureTask$Sync.innerRun(FutureTask.java:303)
	at java.util.concurrent.FutureTask.run(FutureTask.java:138)
	at java.util.concurrent.ThreadPoolExecutor$Worker.runTask(ThreadPoolExecutor.java:886)
	at java.util.concurrent.ThreadPoolExecutor$Worker.run(ThreadPoolExecutor.java:908)
	at java.lang.Thread.run(Thread.java:619)
]]>
            </full-stacktrace>
          </exception> <!-- java.lang.NullPointerException -->
        </test-method> <!-- tearDown -->
      </class> <!-- com.photon.phresco.testcases.WelcomePageTestCase -->
    </test> <!-- VerifyWelcomePageOnFirefox -->
    <test name="VerifyWelcomePageOniPhoneWebdriver" duration-ms="2110" started-at="2014-05-09T15:29:43Z" finished-at="2014-05-09T15:29:45Z">
      <class name="com.photon.phresco.testcases.WelcomePageTestCase">
        <test-method status="PASS" signature="setUp(java.lang.String, java.lang.String)[pri:0, instance:com.photon.phresco.testcases.WelcomePageTestCase@a37368]" name="setUp" is-config="true" duration-ms="2110" started-at="2014-05-09T15:29:43Z" finished-at="2014-05-09T15:29:45Z">
          <params>
            <param index="0">
              <value>
                <![CDATA[iPhone]]>
              </value>
            </param>
            <param index="1">
              <value>
                <![CDATA[MAC]]>
              </value>
            </param>
          </params>
        </test-method> <!-- setUp -->
        <test-method status="PASS" signature="ToVerifyTextPresent()[pri:0, instance:com.photon.phresco.testcases.WelcomePageTestCase@a37368]" name="ToVerifyTextPresent" duration-ms="0" started-at="2014-05-09T15:29:45Z" finished-at="2014-05-09T15:29:45Z">
        </test-method> <!-- ToVerifyTextPresent -->
        <test-method status="PASS" signature="testFailureScenario()[pri:0, instance:com.photon.phresco.testcases.WelcomePageTestCase@a37368]" name="testFailureScenario" duration-ms="0" started-at="2014-05-09T15:29:45Z" finished-at="2014-05-09T15:29:45Z">
        </test-method> <!-- testFailureScenario -->
        <test-method status="FAIL" signature="tearDown()[pri:0, instance:com.photon.phresco.testcases.WelcomePageTestCase@a37368]" name="tearDown" is-config="true" duration-ms="0" started-at="2014-05-09T15:29:45Z" finished-at="2014-05-09T15:29:45Z">
          <exception class="java.lang.NullPointerException">
            <full-stacktrace>
              <![CDATA[java.lang.NullPointerException
	at com.photon.phresco.testcases.WelcomePageTestCase.tearDown(WelcomePageTestCase.java:109)
	at sun.reflect.NativeMethodAccessorImpl.invoke0(Native Method)
	at sun.reflect.NativeMethodAccessorImpl.invoke(NativeMethodAccessorImpl.java:39)
	at sun.reflect.DelegatingMethodAccessorImpl.invoke(DelegatingMethodAccessorImpl.java:25)
	at java.lang.reflect.Method.invoke(Method.java:597)
	at org.testng.internal.MethodInvocationHelper.invokeMethod(MethodInvocationHelper.java:80)
	at org.testng.internal.Invoker.invokeConfigurationMethod(Invoker.java:551)
	at org.testng.internal.Invoker.invokeConfigurations(Invoker.java:213)
	at org.testng.internal.Invoker.invokeConfigurations(Invoker.java:138)
	at org.testng.TestRunner.afterRun(TestRunner.java:1022)
	at org.testng.TestRunner.run(TestRunner.java:621)
	at org.testng.SuiteRunner.runTest(SuiteRunner.java:334)
	at org.testng.SuiteRunner.access$000(SuiteRunner.java:37)
	at org.testng.SuiteRunner$SuiteWorker.run(SuiteRunner.java:368)
	at org.testng.internal.thread.ThreadUtil$2.call(ThreadUtil.java:64)
	at java.util.concurrent.FutureTask$Sync.innerRun(FutureTask.java:303)
	at java.util.concurrent.FutureTask.run(FutureTask.java:138)
	at java.util.concurrent.ThreadPoolExecutor$Worker.runTask(ThreadPoolExecutor.java:886)
	at java.util.concurrent.ThreadPoolExecutor$Worker.run(ThreadPoolExecutor.java:908)
	at java.lang.Thread.run(Thread.java:619)
]]>
            </full-stacktrace>
          </exception> <!-- java.lang.NullPointerException -->
        </test-method> <!-- tearDown -->
      </class> <!-- com.photon.phresco.testcases.WelcomePageTestCase -->
    </test> <!-- VerifyWelcomePageOniPhoneWebdriver -->
  </suite> <!-- WelcomePageTestSuite -->
  <suite name="AllTest" duration-ms="0" started-at="2014-05-09T15:29:46Z" finished-at="2014-05-09T15:29:46Z">
    <groups>
    </groups>
  </suite> <!-- AllTest -->
</testng-results>
