<?xml version="1.0" encoding="UTF-8" ?>
<testsuite failures="4" time="1.077" errors="0" skipped="0" tests="12" name="TestSuite">
  <properties>
[...]
</properties>
  <testcase time="0.188" classname="com.photon.phresco.testcases.WelcomePageTestCase" name="ToVerifyTextPresent"/>
  <testcase time="0.062" classname="com.photon.phresco.testcases.WelcomePageTestCase" name="testFailureScenario"/>
  <testcase time="0.062" classname="com.photon.phresco.testcases.WelcomePageTestCase" name="tearDown">
    <failure type="java.lang.NullPointerException">java.lang.NullPointerException
	at com.photon.phresco.testcases.WelcomePageTestCase.tearDown(WelcomePageTestCase.java:109)
</failure>
  </testcase>
  <testcase time="0.047" classname="com.photon.phresco.testcases.WelcomePageTestCase" name="ToVerifyTextPresent"/>
  <testcase time="0.11" classname="com.photon.phresco.testcases.WelcomePageTestCase" name="ToVerifyTextPresent"/>
  <testcase time="0.062" classname="com.photon.phresco.testcases.WelcomePageTestCase" name="testFailureScenario"/>
  <testcase time="0.062" classname="com.photon.phresco.testcases.WelcomePageTestCase" name="tearDown">
    <failure type="java.lang.NullPointerException">java.lang.NullPointerException
	at com.photon.phresco.testcases.WelcomePageTestCase.tearDown(WelcomePageTestCase.java:109)
</failure>
  </testcase>
  <testcase time="0.109" classname="com.photon.phresco.testcases.WelcomePageTestCase" name="testFailureScenario"/>
  <testcase time="0.109" classname="com.photon.phresco.testcases.WelcomePageTestCase" name="tearDown">
    <failure type="java.lang.NullPointerException">java.lang.NullPointerException
	at com.photon.phresco.testcases.WelcomePageTestCase.tearDown(WelcomePageTestCase.java:109)
</failure>
  </testcase>
  <testcase time="0.172" classname="com.photon.phresco.testcases.WelcomePageTestCase" name="ToVerifyTextPresent"/>
  <testcase time="0.047" classname="com.photon.phresco.testcases.WelcomePageTestCase" name="testFailureScenario"/>
  <testcase time="0.047" classname="com.photon.phresco.testcases.WelcomePageTestCase" name="tearDown">
    <failure type="java.lang.NullPointerException">java.lang.NullPointerException
	at com.photon.phresco.testcases.WelcomePageTestCase.tearDown(WelcomePageTestCase.java:109)
</failure>
  </testcase>
</testsuite>