<?xml version="1.0" encoding="UTF-8"?>
<!-- Generated by org.testng.reporters.JUnitXMLReporter -->
<testsuite hostname="piyali_g" name="VerifyWelcomePageOniPhoneWebdriver" tests="2" failures="0" timestamp="9 May 2014 09:59:46 GMT" time="2.11" errors="0">
  <testcase name="@AfterTest tearDown" time="0.0" classname="com.photon.phresco.testcases.WelcomePageTestCase">
    <failure type="java.lang.NullPointerException">
      <![CDATA[java.lang.NullPointerException
	at com.photon.phresco.testcases.WelcomePageTestCase.tearDown(WelcomePageTestCase.java:109)
	at java.util.concurrent.FutureTask$Sync.innerRun(FutureTask.java:303)
	at java.util.concurrent.FutureTask.run(FutureTask.java:138)
	at java.util.concurrent.ThreadPoolExecutor$Worker.runTask(ThreadPoolExecutor.java:886)
	at java.util.concurrent.ThreadPoolExecutor$Worker.run(ThreadPoolExecutor.java:908)
	at java.lang.Thread.run(Thread.java:619)
... Removed 14 stack frames]]>
    </failure>
  </testcase> <!-- @AfterTest tearDown -->
  <testcase name="ToVerifyTextPresent" time="0.0" classname="com.photon.phresco.testcases.WelcomePageTestCase"/>
  <testcase name="testFailureScenario" time="0.0" classname="com.photon.phresco.testcases.WelcomePageTestCase"/>
</testsuite> <!-- VerifyWelcomePageOniPhoneWebdriver -->
